[2021-04-22T22:36:56.628] [DEBUG] cheese - login => username:admin,password:123456
[2021-04-22T22:36:56.629] [DEBUG] cheese - admin
[2021-04-22T22:36:56.643] [DEBUG] cheese - null
[2021-04-22T22:36:56.643] [DEBUG] cheese - null
[2021-04-22T22:37:02.558] [DEBUG] cheese - login => username:as,password:123456
[2021-04-22T22:37:02.558] [DEBUG] cheese - as
[2021-04-22T22:37:02.559] [DEBUG] cheese - null
[2021-04-22T22:37:02.560] [DEBUG] cheese - null
[2021-05-04T14:12:28.010] [DEBUG] cheese - login => username:234,password:45453453
[2021-05-04T14:12:28.012] [DEBUG] cheese - 234
[2021-05-04T14:12:28.067] [DEBUG] cheese - null
[2021-05-04T14:12:28.067] [DEBUG] cheese - null
[2021-05-04T14:14:38.352] [DEBUG] cheese - login => username:123,password:123456
[2021-05-04T14:14:38.352] [DEBUG] cheese - 123
[2021-05-04T14:14:38.354] [DEBUG] cheese - null
[2021-05-04T14:14:38.354] [DEBUG] cheese - null
[2021-05-04T14:19:41.801] [DEBUG] cheese - login => username:123,password:123456
[2021-05-04T14:19:41.801] [DEBUG] cheese - 123
[2021-05-04T14:19:41.802] [DEBUG] cheese - null
[2021-05-04T14:19:41.802] [DEBUG] cheese - null
[2021-05-04T14:22:32.202] [DEBUG] cheese - login => username:123,password:1235467
[2021-05-04T14:22:32.202] [DEBUG] cheese - 123
[2021-05-04T14:22:32.204] [DEBUG] cheese - null
[2021-05-04T14:22:32.204] [DEBUG] cheese - null
[2021-05-04T14:23:27.831] [DEBUG] cheese - login => username:123456,password:456784344
[2021-05-04T14:23:27.831] [DEBUG] cheese - 123456
[2021-05-04T14:23:27.833] [DEBUG] cheese - null
[2021-05-04T14:23:27.833] [DEBUG] cheese - null
[2021-05-04T14:23:29.206] [DEBUG] cheese - login => username:123456,password:456784344
[2021-05-04T14:23:29.206] [DEBUG] cheese - 123456
[2021-05-04T14:23:29.207] [DEBUG] cheese - null
[2021-05-04T14:23:29.208] [DEBUG] cheese - null
[2021-05-04T14:23:29.595] [DEBUG] cheese - login => username:123456,password:456784344
[2021-05-04T14:23:29.595] [DEBUG] cheese - 123456
[2021-05-04T14:23:29.598] [DEBUG] cheese - null
[2021-05-04T14:23:29.598] [DEBUG] cheese - null
[2021-05-04T14:23:29.947] [DEBUG] cheese - login => username:123456,password:456784344
[2021-05-04T14:23:29.947] [DEBUG] cheese - 123456
[2021-05-04T14:23:29.948] [DEBUG] cheese - null
[2021-05-04T14:23:29.948] [DEBUG] cheese - null
[2021-05-04T14:23:57.960] [DEBUG] cheese - login => username:admin,password:123456
[2021-05-04T14:23:57.961] [DEBUG] cheese - admin
[2021-05-04T14:23:57.966] [DEBUG] cheese - null
[2021-05-04T14:23:57.967] [DEBUG] cheese - null
[2021-05-04T14:23:59.180] [DEBUG] cheese - login => username:admin,password:123456
[2021-05-04T14:23:59.180] [DEBUG] cheese - admin
[2021-05-04T14:23:59.182] [DEBUG] cheese - null
[2021-05-04T14:23:59.182] [DEBUG] cheese - null
[2021-05-04T14:24:18.179] [DEBUG] cheese - login => username:admin,password:123456
[2021-05-04T14:24:18.179] [DEBUG] cheese - admin
[2021-05-04T14:24:18.181] [DEBUG] cheese - null
[2021-05-04T14:24:18.181] [DEBUG] cheese - null
[2021-05-04T14:24:18.906] [DEBUG] cheese - login => username:admin,password:123456
[2021-05-04T14:24:18.906] [DEBUG] cheese - admin
[2021-05-04T14:24:18.908] [DEBUG] cheese - null
[2021-05-04T14:24:18.908] [DEBUG] cheese - null
[2021-05-04T14:24:19.266] [DEBUG] cheese - login => username:admin,password:123456
[2021-05-04T14:24:19.266] [DEBUG] cheese - admin
[2021-05-04T14:24:19.268] [DEBUG] cheese - null
[2021-05-04T14:24:19.268] [DEBUG] cheese - null
[2021-05-04T14:24:19.423] [DEBUG] cheese - login => username:admin,password:123456
[2021-05-04T14:24:19.423] [DEBUG] cheese - admin
[2021-05-04T14:24:19.426] [DEBUG] cheese - null
[2021-05-04T14:24:19.426] [DEBUG] cheese - null
[2021-05-04T14:24:19.566] [DEBUG] cheese - login => username:admin,password:123456
[2021-05-04T14:24:19.566] [DEBUG] cheese - admin
[2021-05-04T14:24:19.568] [DEBUG] cheese - null
[2021-05-04T14:24:19.568] [DEBUG] cheese - null
[2021-05-04T14:58:50.712] [DEBUG] cheese - login => username:123,password:123456
[2021-05-04T14:58:50.712] [DEBUG] cheese - 123
[2021-05-04T14:58:50.714] [DEBUG] cheese - null
[2021-05-04T14:58:50.714] [DEBUG] cheese - null
[2021-05-04T14:58:54.229] [DEBUG] cheese - login => username:123,password:123456
[2021-05-04T14:58:54.229] [DEBUG] cheese - 123
[2021-05-04T14:58:54.231] [DEBUG] cheese - null
[2021-05-04T14:58:54.231] [DEBUG] cheese - null
[2021-05-04T14:59:24.940] [DEBUG] cheese - login => username:4534,password:4545123123
[2021-05-04T14:59:24.941] [DEBUG] cheese - 4534
[2021-05-04T14:59:24.942] [DEBUG] cheese - null
[2021-05-04T14:59:24.942] [DEBUG] cheese - null
[2021-05-04T14:59:26.860] [DEBUG] cheese - login => username:4534,password:4545123123
[2021-05-04T14:59:26.860] [DEBUG] cheese - 4534
[2021-05-04T14:59:26.864] [DEBUG] cheese - null
[2021-05-04T14:59:26.864] [DEBUG] cheese - null
[2021-05-04T14:59:29.444] [DEBUG] cheese - login => username:4534,password:4545123123
[2021-05-04T14:59:29.444] [DEBUG] cheese - 4534
[2021-05-04T14:59:29.446] [DEBUG] cheese - null
[2021-05-04T14:59:29.446] [DEBUG] cheese - null
[2021-05-04T15:00:29.301] [DEBUG] cheese - login => username:123,password:456123
[2021-05-04T15:00:29.301] [DEBUG] cheese - 123
[2021-05-04T15:00:29.302] [DEBUG] cheese - null
[2021-05-04T15:00:29.302] [DEBUG] cheese - null
[2021-05-04T15:01:07.860] [DEBUG] cheese - login => username:123,password:456123
[2021-05-04T15:01:07.861] [DEBUG] cheese - 123
[2021-05-04T15:01:07.862] [DEBUG] cheese - null
[2021-05-04T15:01:07.862] [DEBUG] cheese - null
[2021-05-04T15:01:28.907] [DEBUG] cheese - login => username:123,password:456123
[2021-05-04T15:01:28.907] [DEBUG] cheese - 123
[2021-05-04T15:01:28.909] [DEBUG] cheese - null
[2021-05-04T15:01:28.909] [DEBUG] cheese - null
[2021-05-04T15:01:30.382] [DEBUG] cheese - login => username:123,password:456123
[2021-05-04T15:01:30.382] [DEBUG] cheese - 123
[2021-05-04T15:01:30.384] [DEBUG] cheese - null
[2021-05-04T15:01:30.384] [DEBUG] cheese - null
[2021-05-04T15:01:53.256] [DEBUG] cheese - login => username:admin,password:123456
[2021-05-04T15:01:53.256] [DEBUG] cheese - admin
[2021-05-04T15:01:53.257] [DEBUG] cheese - null
[2021-05-04T15:01:53.257] [DEBUG] cheese - null
[2021-05-04T15:02:04.709] [DEBUG] cheese - login => username:admin,password:123456
[2021-05-04T15:02:04.710] [DEBUG] cheese - admin
[2021-05-04T15:02:04.712] [DEBUG] cheese - null
[2021-05-04T15:02:04.712] [DEBUG] cheese - null
[2021-05-04T15:26:11.988] [DEBUG] cheese - login => username:admin,password:123456
[2021-05-04T15:26:11.988] [DEBUG] cheese - admin
[2021-05-04T15:26:11.989] [DEBUG] cheese - null
[2021-05-04T15:26:11.989] [DEBUG] cheese - null
[2021-05-04T15:26:16.658] [DEBUG] cheese - login => username:admin,password:123456
[2021-05-04T15:26:16.658] [DEBUG] cheese - admin
[2021-05-04T15:26:16.661] [DEBUG] cheese - null
[2021-05-04T15:26:16.662] [DEBUG] cheese - null
[2021-05-04T15:26:37.628] [DEBUG] cheese - login => username:admin,password:123456
[2021-05-04T15:26:37.628] [DEBUG] cheese - admin
[2021-05-04T15:26:37.631] [DEBUG] cheese - null
[2021-05-04T15:26:37.631] [DEBUG] cheese - null
[2021-05-04T15:32:34.058] [DEBUG] cheese - login => username:admin,password:123456
[2021-05-04T15:32:34.059] [DEBUG] cheese - admin
[2021-05-04T15:32:34.060] [DEBUG] cheese - null
[2021-05-04T15:32:34.060] [DEBUG] cheese - null
[2021-05-04T15:35:57.610] [DEBUG] cheese - login => username:admin,password:123456
[2021-05-04T15:35:57.610] [DEBUG] cheese - admin
[2021-05-04T15:35:57.612] [DEBUG] cheese - null
[2021-05-04T15:35:57.613] [DEBUG] cheese - null
[2021-05-04T15:36:36.840] [DEBUG] cheese - login => username:admin,password:123456
[2021-05-04T15:36:36.840] [DEBUG] cheese - admin
[2021-05-04T15:36:36.841] [DEBUG] cheese - null
[2021-05-04T15:36:36.841] [DEBUG] cheese - null
[2021-05-04T15:53:01.810] [DEBUG] cheese - login => username:admin,password:123456
[2021-05-04T15:53:01.810] [DEBUG] cheese - admin
[2021-05-04T15:53:01.813] [DEBUG] cheese - null
[2021-05-04T15:53:01.813] [DEBUG] cheese - null
[2021-05-04T15:53:54.819] [DEBUG] cheese - login => username:admin,password:123456
[2021-05-04T15:53:54.819] [DEBUG] cheese - admin
[2021-05-04T15:53:54.821] [DEBUG] cheese - null
[2021-05-04T15:53:54.821] [DEBUG] cheese - null
[2021-05-04T15:54:49.928] [DEBUG] cheese - login => username:admin,password:123456
[2021-05-04T15:54:49.928] [DEBUG] cheese - admin
[2021-05-04T15:54:49.930] [DEBUG] cheese - null
[2021-05-04T15:54:49.930] [DEBUG] cheese - null
[2021-05-04T15:56:00.427] [DEBUG] cheese - login => username:admin,password:123456
[2021-05-04T15:56:00.427] [DEBUG] cheese - admin
[2021-05-04T15:56:00.428] [DEBUG] cheese - null
[2021-05-04T15:56:00.429] [DEBUG] cheese - null
[2021-05-04T15:59:30.834] [DEBUG] cheese - login => username:admin,password:123456
[2021-05-04T15:59:30.834] [DEBUG] cheese - admin
[2021-05-04T15:59:30.835] [DEBUG] cheese - null
[2021-05-04T15:59:30.835] [DEBUG] cheese - null
[2021-05-04T17:06:28.232] [DEBUG] cheese - login => username:admin,password:123456
[2021-05-04T17:06:28.232] [DEBUG] cheese - admin
[2021-05-04T17:06:28.234] [DEBUG] cheese - null
[2021-05-04T17:06:28.234] [DEBUG] cheese - null
[2021-05-04T17:07:28.956] [DEBUG] cheese - login => username:admin,password:123456
[2021-05-04T17:07:28.956] [DEBUG] cheese - admin
[2021-05-04T17:07:28.958] [DEBUG] cheese - null
[2021-05-04T17:07:28.958] [DEBUG] cheese - null
[2021-05-05T20:22:55.882] [DEBUG] cheese - login => username:admin,password:123456
[2021-05-05T20:22:55.883] [DEBUG] cheese - admin
[2021-05-05T20:22:55.891] [DEBUG] cheese - null
[2021-05-05T20:22:55.892] [DEBUG] cheese - null
[2021-05-05T21:25:03.149] [DEBUG] cheese - login => username:admin,password:123456
[2021-05-05T21:25:03.150] [DEBUG] cheese - admin
[2021-05-05T21:25:03.153] [DEBUG] cheese - null
[2021-05-05T21:25:03.154] [DEBUG] cheese - null
[2021-05-06T09:39:31.671] [DEBUG] cheese - login => username:admin,password:123456
[2021-05-06T09:39:31.672] [DEBUG] cheese - admin
[2021-05-06T09:39:31.681] [DEBUG] cheese - null
[2021-05-06T09:39:31.682] [DEBUG] cheese - null
[2021-05-07T10:30:46.685] [DEBUG] cheese - login => username:admin,password:123456
[2021-05-07T10:30:46.686] [DEBUG] cheese - admin
[2021-05-07T10:30:46.695] [DEBUG] cheese - null
[2021-05-07T10:30:46.696] [DEBUG] cheese - null
[2021-05-07T10:33:18.413] [DEBUG] cheese - login => username:admi,password:123456
[2021-05-07T10:33:18.413] [DEBUG] cheese - admi
[2021-05-07T10:33:18.415] [DEBUG] cheese - null
[2021-05-07T10:33:18.415] [DEBUG] cheese - null
[2021-05-07T10:33:28.495] [DEBUG] cheese - login => username:admin,password:123456
[2021-05-07T10:33:28.495] [DEBUG] cheese - admin
[2021-05-07T10:33:28.498] [DEBUG] cheese - null
[2021-05-07T10:33:28.498] [DEBUG] cheese - null
[2021-05-07T10:34:33.140] [DEBUG] cheese - login => username:admin,password:123456
[2021-05-07T10:34:33.140] [DEBUG] cheese - admin
[2021-05-07T10:34:33.142] [DEBUG] cheese - null
[2021-05-07T10:34:33.142] [DEBUG] cheese - null
[2021-05-07T14:42:37.226] [DEBUG] cheese - login => username:admin,password:123456
[2021-05-07T14:42:37.228] [DEBUG] cheese - admin
[2021-05-07T14:42:37.240] [DEBUG] cheese - null
[2021-05-07T14:42:37.241] [DEBUG] cheese - null
[2021-05-08T21:20:36.581] [DEBUG] cheese - login => username:admin,password:123456
[2021-05-08T21:20:36.582] [DEBUG] cheese - admin
[2021-05-08T21:20:36.617] [DEBUG] cheese - null
[2021-05-08T21:20:36.617] [DEBUG] cheese - null
[2021-05-09T09:11:57.395] [DEBUG] cheese - login => username:admin,password:123456
[2021-05-09T09:11:57.396] [DEBUG] cheese - admin
[2021-05-09T09:11:57.406] [DEBUG] cheese - null
[2021-05-09T09:11:57.406] [DEBUG] cheese - null
[2021-05-09T10:00:54.830] [DEBUG] cheese - login => username:admin,password:123456
[2021-05-09T10:00:54.830] [DEBUG] cheese - admin
[2021-05-09T10:00:54.832] [DEBUG] cheese - null
[2021-05-09T10:00:54.833] [DEBUG] cheese - null
[2021-05-09T10:06:07.081] [DEBUG] cheese - login => username:admin,password:123456
[2021-05-09T10:06:07.081] [DEBUG] cheese - admin
[2021-05-09T10:06:07.083] [DEBUG] cheese - null
[2021-05-09T10:06:07.083] [DEBUG] cheese - null
[2021-05-09T10:46:02.071] [DEBUG] cheese - login => username:admin,password:123456
[2021-05-09T10:46:02.072] [DEBUG] cheese - admin
[2021-05-09T10:46:02.080] [DEBUG] cheese - null
[2021-05-09T10:46:02.081] [DEBUG] cheese - null
[2021-05-09T11:10:57.323] [DEBUG] cheese - login => username:admin,password:123456
[2021-05-09T11:10:57.324] [DEBUG] cheese - admin
[2021-05-09T11:10:57.332] [DEBUG] cheese - null
[2021-05-09T11:10:57.332] [DEBUG] cheese - null
[2021-05-09T11:11:54.782] [DEBUG] cheese - login => username:admin,password:123456
[2021-05-09T11:11:54.782] [DEBUG] cheese - admin
[2021-05-09T11:11:54.785] [DEBUG] cheese - null
[2021-05-09T11:11:54.785] [DEBUG] cheese - null
[2021-05-09T15:14:42.885] [DEBUG] cheese - login => username:admin,password:123456
[2021-05-09T15:14:42.886] [DEBUG] cheese - admin
[2021-05-09T15:14:42.894] [DEBUG] cheese - null
[2021-05-09T15:14:42.895] [DEBUG] cheese - null
[2021-05-09T16:44:24.586] [DEBUG] cheese - null
[2021-05-09T16:46:23.939] [DEBUG] cheese - null
[2021-05-09T16:48:34.455] [DEBUG] cheese - null
[2021-05-09T16:48:58.027] [DEBUG] cheese - null
[2021-05-09T16:50:18.731] [DEBUG] cheese - null
[2021-05-09T16:51:09.274] [DEBUG] cheese - null
[2021-05-09T16:52:40.541] [DEBUG] cheese - null
[2021-05-09T16:56:51.082] [DEBUG] cheese - null
[2021-05-09T17:00:48.337] [DEBUG] cheese - null
[2021-05-09T17:00:52.274] [DEBUG] cheese - null
[2021-05-09T20:13:14.333] [DEBUG] cheese - login => username:admin,password:123456
[2021-05-09T20:13:14.334] [DEBUG] cheese - admin
[2021-05-09T20:13:14.343] [DEBUG] cheese - null
[2021-05-09T20:13:14.343] [DEBUG] cheese - null
[2021-05-10T10:31:14.708] [DEBUG] cheese - login => username:admin,password:123456
[2021-05-10T10:31:14.710] [DEBUG] cheese - admin
[2021-05-10T10:31:14.906] [DEBUG] cheese - null
[2021-05-10T10:31:14.906] [DEBUG] cheese - null
